<?xml version="1.0" encoding="UTF-8"?>
<testsuite name="dslab.monitoring.MonitoringServerProtocolTest" tests="2" skipped="0" failures="0" errors="0" timestamp="2022-11-07T14:17:53" hostname="SIMON-DESKTOP" time="22.063">
  <properties/>
  <testcase name="servers_returnsCorrectStatistics" classname="dslab.monitoring.MonitoringServerProtocolTest" time="11.035"/>
  <testcase name="addresses_returnsCorrectStatistics" classname="dslab.monitoring.MonitoringServerProtocolTest" time="11.028"/>
  <system-out><![CDATA[]]></system-out>
  <system-err><![CDATA[Nov. 07, 2022 3:17:56 NACHM. dslab.monitoring.MonitoringServerProtocolTest servers_returnsCorrectStatistics
INFORMATION: Sending three monitoring packets to monitoring socket
Nov. 07, 2022 3:18:01 NACHM. dslab.monitoring.ListenerThread run
SCHWERWIEGEND: An error occurred while waiting for or handling packet
java.net.SocketException: socket closed
	at java.base/java.net.DualStackPlainDatagramSocketImpl.socketReceiveOrPeekData(Native Method)
	at java.base/java.net.DualStackPlainDatagramSocketImpl.receive0(DualStackPlainDatagramSocketImpl.java:124)
	at java.base/java.net.AbstractPlainDatagramSocketImpl.receive(AbstractPlainDatagramSocketImpl.java:181)
	at java.base/java.net.DatagramSocket.receive(DatagramSocket.java:814)
	at dslab.monitoring.ListenerThread.run(ListenerThread.java:50)

Nov. 07, 2022 3:18:07 NACHM. dslab.monitoring.MonitoringServerProtocolTest addresses_returnsCorrectStatistics
INFORMATION: Sending three monitoring packets to monitoring socket
Nov. 07, 2022 3:18:12 NACHM. dslab.monitoring.ListenerThread run
SCHWERWIEGEND: An error occurred while waiting for or handling packet
java.net.SocketException: socket closed
	at java.base/java.net.DualStackPlainDatagramSocketImpl.socketReceiveOrPeekData(Native Method)
	at java.base/java.net.DualStackPlainDatagramSocketImpl.receive0(DualStackPlainDatagramSocketImpl.java:124)
	at java.base/java.net.AbstractPlainDatagramSocketImpl.receive(AbstractPlainDatagramSocketImpl.java:181)
	at java.base/java.net.DatagramSocket.receive(DatagramSocket.java:814)
	at dslab.monitoring.ListenerThread.run(ListenerThread.java:50)

]]></system-err>
</testsuite>
